app/build/intermediates/manifest_merge_blame_file/debug/processDebugMainManifest/manifest-merger-blame-debug-report.txt
1<?xml version="1.0" encoding="utf-8"?>
2<manifest xmlns:android="http://schemas.android.com/apk/res/android"
3    package="com.zoy.musicplayed"
4    android:versionCode="1"
5    android:versionName="1.0.0" >
6
7    <uses-sdk
7-->INJECTED
8        android:minSdkVersion="26"
8-->INJECTED
9        android:targetSdkVersion="37" />
9-->INJECTED
10
11    <uses-permission android:name="android.permission.INTERNET" />
11-->src/main/AndroidManifest.xml:5:5-67
11-->src/main/AndroidManifest.xml:5:22-64
12    <uses-permission android:name="android.permission.FOREGROUND_SERVICE" />
12-->src/main/AndroidManifest.xml:6:5-77
12-->src/main/AndroidManifest.xml:6:22-74
13    <uses-permission android:name="android.permission.FOREGROUND_SERVICE_MEDIA_PLAYBACK" />
13-->src/main/AndroidManifest.xml:7:5-92
13-->src/main/AndroidManifest.xml:7:22-89
14    <uses-permission android:name="android.permission.POST_NOTIFICATIONS" />
14-->src/main/AndroidManifest.xml:8:5-77
14-->src/main/AndroidManifest.xml:8:22-74
15    <uses-permission android:name="android.permission.ACCESS_NETWORK_STATE" />
15-->[androidx.media3:media3-exoplayer:1.11.1] AndroidManifest.xml:22:5-79
15-->[androidx.media3:media3-exoplayer:1.11.1] AndroidManifest.xml:22:22-76
16    <uses-permission android:name="android.permission.WAKE_LOCK" />
16-->[androidx.media3:media3-exoplayer:1.11.1] AndroidManifest.xml:23:5-68
16-->[androidx.media3:media3-exoplayer:1.11.1] AndroidManifest.xml:23:22-65
17
18    <permission
18-->[androidx.core:core:1.18.0] AndroidManifest.xml:22:5-24:47
19        android:name="com.zoy.musicplayed.DYNAMIC_RECEIVER_NOT_EXPORTED_PERMISSION"
19-->[androidx.core:core:1.18.0] AndroidManifest.xml:23:9-81
20        android:protectionLevel="signature" />
20-->[androidx.core:core:1.18.0] AndroidManifest.xml:24:9-44
21
22    <uses-permission android:name="com.zoy.musicplayed.DYNAMIC_RECEIVER_NOT_EXPORTED_PERMISSION" />
22-->[androidx.core:core:1.18.0] AndroidManifest.xml:26:5-97
22-->[androidx.core:core:1.18.0] AndroidManifest.xml:26:22-94
23
24    <application
24-->src/main/AndroidManifest.xml:10:5-34:19
25        android:allowBackup="true"
25-->src/main/AndroidManifest.xml:11:9-35
26        android:appComponentFactory="androidx.core.app.CoreComponentFactory"
26-->[androidx.core:core:1.18.0] AndroidManifest.xml:28:18-86
27        android:debuggable="true"
28        android:extractNativeLibs="false"
28-->INJECTED
29        android:label="@string/app_name"
29-->src/main/AndroidManifest.xml:12:9-41
30        android:supportsRtl="true"
30-->src/main/AndroidManifest.xml:13:9-35
31        android:theme="@style/Theme.MusicPlayed" >
31-->src/main/AndroidManifest.xml:14:9-49
32        <activity
32-->src/main/AndroidManifest.xml:16:9-27:20
33            android:name="com.zoy.musicplayed.MainActivity"
33-->src/main/AndroidManifest.xml:17:13-41
34            android:exported="true"
34-->src/main/AndroidManifest.xml:18:13-36
35            android:screenOrientation="portrait"
35-->src/main/AndroidManifest.xml:19:13-49
36            android:windowSoftInputMode="adjustResize" >
36-->src/main/AndroidManifest.xml:20:13-55
37            <intent-filter>
37-->src/main/AndroidManifest.xml:22:13-25:29
38                <action android:name="android.intent.action.MAIN" />
38-->src/main/AndroidManifest.xml:23:17-69
38-->src/main/AndroidManifest.xml:23:25-66
39
40                <category android:name="android.intent.category.LAUNCHER" />
40-->src/main/AndroidManifest.xml:24:17-77
40-->src/main/AndroidManifest.xml:24:27-74
41            </intent-filter>
42        </activity>
43
44        <service
44-->src/main/AndroidManifest.xml:29:9-32:61
45            android:name="androidx.media3.session.MediaSessionService"
45-->src/main/AndroidManifest.xml:30:13-71
46            android:exported="false"
46-->src/main/AndroidManifest.xml:31:13-37
47            android:foregroundServiceType="mediaPlayback" />
47-->src/main/AndroidManifest.xml:32:13-58
48
49        <!-- TODO: b/510644544 - Remove this workaround once minSdk is 38 -->
50        <activity
50-->[androidx.media3:media3-session:1.11.1] AndroidManifest.xml:25:9-43:20
51            android:name="androidx.media3.session.BluetoothValidationActivity"
51-->[androidx.media3:media3-session:1.11.1] AndroidManifest.xml:26:13-79
52            android:excludeFromRecents="true"
52-->[androidx.media3:media3-session:1.11.1] AndroidManifest.xml:27:13-46
53            android:exported="true"
53-->[androidx.media3:media3-session:1.11.1] AndroidManifest.xml:28:13-36
54            android:noHistory="true"
54-->[androidx.media3:media3-session:1.11.1] AndroidManifest.xml:29:13-37
55            android:permission="android.permission.BLUETOOTH_PRIVILEGED"
55-->[androidx.media3:media3-session:1.11.1] AndroidManifest.xml:30:13-73
56            android:theme="@android:style/Theme.NoDisplay" >
56-->[androidx.media3:media3-session:1.11.1] AndroidManifest.xml:31:13-59
57            <intent-filter>
57-->[androidx.media3:media3-session:1.11.1] AndroidManifest.xml:32:13-42:29
58
59                <!-- Omit CATEGORY_DEFAULT to avoid listing this app as a generic audio app. -->
60                <action android:name="android.intent.action.VIEW" />
60-->[androidx.media3:media3-session:1.11.1] AndroidManifest.xml:35:17-69
60-->[androidx.media3:media3-session:1.11.1] AndroidManifest.xml:35:25-66
61
62                <data android:scheme="content" />
62-->[androidx.media3:media3-session:1.11.1] AndroidManifest.xml:37:17-50
62-->[androidx.media3:media3-session:1.11.1] AndroidManifest.xml:37:23-47
63                <data android:host="media" />
63-->[androidx.media3:media3-session:1.11.1] AndroidManifest.xml:37:17-50
64                <!-- Satisfies the probe used in Bluetooths's MediaPlayerList.java on API 36 and 37. -->
65                <data android:pathPrefix="/internal/audio/media/" />
65-->[androidx.media3:media3-session:1.11.1] AndroidManifest.xml:37:17-50
66                <data android:mimeType="audio/*" />
66-->[androidx.media3:media3-session:1.11.1] AndroidManifest.xml:37:17-50
67            </intent-filter>
68        </activity>
69        <activity
69-->[androidx.compose.ui:ui-tooling-android:1.12.1] AndroidManifest.xml:23:9-25:39
70            android:name="androidx.compose.ui.tooling.PreviewActivity"
70-->[androidx.compose.ui:ui-tooling-android:1.12.1] AndroidManifest.xml:24:13-71
71            android:exported="true" />
71-->[androidx.compose.ui:ui-tooling-android:1.12.1] AndroidManifest.xml:25:13-36
72
73        <provider
73-->[androidx.emoji2:emoji2:1.4.0] AndroidManifest.xml:24:9-32:20
74            android:name="androidx.startup.InitializationProvider"
74-->[androidx.emoji2:emoji2:1.4.0] AndroidManifest.xml:25:13-67
75            android:authorities="com.zoy.musicplayed.androidx-startup"
75-->[androidx.emoji2:emoji2:1.4.0] AndroidManifest.xml:26:13-68
76            android:exported="false" >
76-->[androidx.emoji2:emoji2:1.4.0] AndroidManifest.xml:27:13-37
77            <meta-data
77-->[androidx.emoji2:emoji2:1.4.0] AndroidManifest.xml:29:13-31:52
78                android:name="androidx.emoji2.text.EmojiCompatInitializer"
78-->[androidx.emoji2:emoji2:1.4.0] AndroidManifest.xml:30:17-75
79                android:value="androidx.startup" />
79-->[androidx.emoji2:emoji2:1.4.0] AndroidManifest.xml:31:17-49
80            <meta-data
80-->[androidx.lifecycle:lifecycle-process:2.11.0] AndroidManifest.xml:29:13-31:52
81                android:name="androidx.lifecycle.ProcessLifecycleInitializer"
81-->[androidx.lifecycle:lifecycle-process:2.11.0] AndroidManifest.xml:30:17-78
82                android:value="androidx.startup" />
82-->[androidx.lifecycle:lifecycle-process:2.11.0] AndroidManifest.xml:31:17-49
83            <meta-data
83-->[androidx.profileinstaller:profileinstaller:1.4.0] AndroidManifest.xml:29:13-31:52
84                android:name="androidx.profileinstaller.ProfileInstallerInitializer"
84-->[androidx.profileinstaller:profileinstaller:1.4.0] AndroidManifest.xml:30:17-85
85                android:value="androidx.startup" />
85-->[androidx.profileinstaller:profileinstaller:1.4.0] AndroidManifest.xml:31:17-49
86        </provider>
87
88        <uses-library
88-->[androidx.window:window:1.5.0] AndroidManifest.xml:23:9-25:40
89            android:name="androidx.window.extensions"
89-->[androidx.window:window:1.5.0] AndroidManifest.xml:24:13-54
90            android:required="false" />
90-->[androidx.window:window:1.5.0] AndroidManifest.xml:25:13-37
91        <uses-library
91-->[androidx.window:window:1.5.0] AndroidManifest.xml:26:9-28:40
92            android:name="androidx.window.sidecar"
92-->[androidx.window:window:1.5.0] AndroidManifest.xml:27:13-51
93            android:required="false" />
93-->[androidx.window:window:1.5.0] AndroidManifest.xml:28:13-37
94
95        <service
95-->[androidx.room:room-runtime-android:2.8.5] AndroidManifest.xml:24:9-28:63
96            android:name="androidx.room.MultiInstanceInvalidationService"
96-->[androidx.room:room-runtime-android:2.8.5] AndroidManifest.xml:25:13-74
97            android:directBootAware="true"
97-->[androidx.room:room-runtime-android:2.8.5] AndroidManifest.xml:26:13-43
98            android:exported="false" />
98-->[androidx.room:room-runtime-android:2.8.5] AndroidManifest.xml:27:13-37
99
100        <receiver
100-->[androidx.profileinstaller:profileinstaller:1.4.0] AndroidManifest.xml:34:9-52:20
101            android:name="androidx.profileinstaller.ProfileInstallReceiver"
101-->[androidx.profileinstaller:profileinstaller:1.4.0] AndroidManifest.xml:35:13-76
102            android:directBootAware="false"
102-->[androidx.profileinstaller:profileinstaller:1.4.0] AndroidManifest.xml:36:13-44
103            android:enabled="true"
103-->[androidx.profileinstaller:profileinstaller:1.4.0] AndroidManifest.xml:37:13-35
104            android:exported="true"
104-->[androidx.profileinstaller:profileinstaller:1.4.0] AndroidManifest.xml:38:13-36
105            android:permission="android.permission.DUMP" >
105-->[androidx.profileinstaller:profileinstaller:1.4.0] AndroidManifest.xml:39:13-57
106            <intent-filter>
106-->[androidx.profileinstaller:profileinstaller:1.4.0] AndroidManifest.xml:40:13-42:29
107                <action android:name="androidx.profileinstaller.action.INSTALL_PROFILE" />
107-->[androidx.profileinstaller:profileinstaller:1.4.0] AndroidManifest.xml:41:17-91
107-->[androidx.profileinstaller:profileinstaller:1.4.0] AndroidManifest.xml:41:25-88
108            </intent-filter>
109            <intent-filter>
109-->[androidx.profileinstaller:profileinstaller:1.4.0] AndroidManifest.xml:43:13-45:29
110                <action android:name="androidx.profileinstaller.action.SKIP_FILE" />
110-->[androidx.profileinstaller:profileinstaller:1.4.0] AndroidManifest.xml:44:17-85
110-->[androidx.profileinstaller:profileinstaller:1.4.0] AndroidManifest.xml:44:25-82
111            </intent-filter>
112            <intent-filter>
112-->[androidx.profileinstaller:profileinstaller:1.4.0] AndroidManifest.xml:46:13-48:29
113                <action android:name="androidx.profileinstaller.action.SAVE_PROFILE" />
113-->[androidx.profileinstaller:profileinstaller:1.4.0] AndroidManifest.xml:47:17-88
113-->[androidx.profileinstaller:profileinstaller:1.4.0] AndroidManifest.xml:47:25-85
114            </intent-filter>
115            <intent-filter>
115-->[androidx.profileinstaller:profileinstaller:1.4.0] AndroidManifest.xml:49:13-51:29
116                <action android:name="androidx.profileinstaller.action.BENCHMARK_OPERATION" />
116-->[androidx.profileinstaller:profileinstaller:1.4.0] AndroidManifest.xml:50:17-95
116-->[androidx.profileinstaller:profileinstaller:1.4.0] AndroidManifest.xml:50:25-92
117            </intent-filter>
118        </receiver>
119    </application>
120
121</manifest>